make --dry-run --always-make --keep-going --print-directory
make: Entering directory '/home/davide/Documenti/Codici/42/minishell'
make bonus -C ./include/libft
make[1]: Entering directory '/home/davide/Documenti/Codici/42/minishell/include/libft'
gcc    -c -o ft_isalpha.o ft_isalpha.c
gcc    -c -o ft_isdigit.o ft_isdigit.c
gcc    -c -o ft_isalnum.o ft_isalnum.c
gcc    -c -o ft_isascii.o ft_isascii.c
gcc    -c -o ft_isprint.o ft_isprint.c
gcc    -c -o ft_strlen.o ft_strlen.c
gcc    -c -o ft_memset.o ft_memset.c
gcc    -c -o ft_bzero.o ft_bzero.c
gcc    -c -o ft_memcpy.o ft_memcpy.c
gcc    -c -o ft_memmove.o ft_memmove.c
gcc    -c -o ft_strlcpy.o ft_strlcpy.c
gcc    -c -o ft_strlcat.o ft_strlcat.c
gcc    -c -o ft_toupper.o ft_toupper.c
gcc    -c -o ft_tolower.o ft_tolower.c
gcc    -c -o ft_strchr.o ft_strchr.c
gcc    -c -o ft_strrchr.o ft_strrchr.c
gcc    -c -o ft_strncmp.o ft_strncmp.c
gcc    -c -o ft_memchr.o ft_memchr.c
gcc    -c -o ft_memcmp.o ft_memcmp.c
gcc    -c -o ft_strnstr.o ft_strnstr.c
gcc    -c -o ft_atoi.o ft_atoi.c
gcc    -c -o ft_calloc.o ft_calloc.c
gcc    -c -o ft_strdup.o ft_strdup.c
gcc    -c -o ft_substr.o ft_substr.c
gcc    -c -o ft_strjoin.o ft_strjoin.c
gcc    -c -o ft_strtrim.o ft_strtrim.c
gcc    -c -o ft_split.o ft_split.c
gcc    -c -o ft_itoa.o ft_itoa.c
gcc    -c -o ft_strmapi.o ft_strmapi.c
gcc    -c -o ft_striteri.o ft_striteri.c
gcc    -c -o ft_putchar_fd.o ft_putchar_fd.c
gcc    -c -o ft_putstr_fd.o ft_putstr_fd.c
gcc    -c -o ft_putnbr_fd.o ft_putnbr_fd.c
gcc    -c -o ft_putendl_fd.o ft_putendl_fd.c
gcc    -c -o get_next_line.o get_next_line.c
gcc    -c -o get_next_line_utils.o get_next_line_utils.c
gcc    -c -o ft_lstnew.o ft_lstnew.c
gcc    -c -o ft_lstadd_front.o ft_lstadd_front.c
gcc    -c -o ft_lstsize.o ft_lstsize.c
gcc    -c -o ft_lstlast.o ft_lstlast.c
gcc    -c -o ft_lstadd_back.o ft_lstadd_back.c
gcc    -c -o ft_lstdelone.o ft_lstdelone.c
gcc    -c -o ft_lstclear.o ft_lstclear.c
gcc    -c -o ft_lstiter.o ft_lstiter.c
gcc    -c -o ft_lstmap.o ft_lstmap.c
ar rcs libft.a ft_isalpha.o ft_isdigit.o ft_isalnum.o ft_isascii.o ft_isprint.o ft_strlen.o ft_memset.o ft_bzero.o ft_memcpy.o ft_memmove.o ft_strlcpy.o ft_strlcat.o ft_toupper.o ft_tolower.o ft_strchr.o ft_strrchr.o ft_strncmp.o ft_memchr.o ft_memcmp.o ft_strnstr.o ft_atoi.o ft_calloc.o ft_strdup.o ft_substr.o ft_strjoin.o ft_strtrim.o ft_split.o ft_itoa.o ft_strmapi.o ft_striteri.o ft_putchar_fd.o ft_putstr_fd.o ft_putnbr_fd.o ft_putendl_fd.o get_next_line.o get_next_line_utils.o ft_lstnew.o ft_lstadd_front.o ft_lstsize.o ft_lstlast.o ft_lstadd_back.o ft_lstdelone.o ft_lstclear.o ft_lstiter.o ft_lstmap.o
make[1]: Leaving directory '/home/davide/Documenti/Codici/42/minishell/include/libft'
gcc    -c -o src/main.o src/main.c
gcc    -c -o src/special_run.o src/special_run.c
gcc    -c -o src/special_childs.o src/special_childs.c
gcc    -c -o src/utils.o src/utils.c
gcc    -c -o src/utils2.o src/utils2.c
gcc    -c -o src/utils3.o src/utils3.c
gcc    -c -o src/dict_utils.o src/dict_utils.c
gcc    -c -o src/execute.o src/execute.c
gcc    -c -o src/execute2.o src/execute2.c
gcc    -c -o src/find_script.o src/find_script.c
gcc    -c -o src/init_utils.o src/init_utils.c
gcc    -c -o src/init_utils2.o src/init_utils2.c
gcc    -c -o src/init_utils3.o src/init_utils3.c
gcc    -c -o src/set_var.o src/set_var.c
gcc    -c -o src/set_var2.o src/set_var2.c
gcc    -c -o src/term.o src/term.c
gcc    -c -o src/parse.o src/parse.c
gcc    -c -o src/parse2.o src/parse2.c
gcc    -c -o src/parse3.o src/parse3.c
gcc    -c -o src/bools.o src/bools.c
gcc    -c -o src/bools2.o src/bools2.c
gcc    -c -o src/bools3.o src/bools3.c
gcc    -c -o src/bools4.o src/bools4.c
gcc    -c -o src/count.o src/count.c
gcc    -c -o src/memory.o src/memory.c
gcc    -c -o src/memory2.o src/memory2.c
gcc    -c -o src/redirections.o src/redirections.c
gcc    -c -o src/redirections_utils.o src/redirections_utils.c
gcc    -c -o src/redirections_utils2.o src/redirections_utils2.c
gcc    -c -o src/heredoc.o src/heredoc.c
gcc    -c -o src/heredoc2.o src/heredoc2.c
gcc    -c -o src/heredoc3.o src/heredoc3.c
gcc    -c -o src/heredoc4.o src/heredoc4.c
gcc    -c -o src/split_fields.o src/split_fields.c
gcc    -c -o src/split_fields2.o src/split_fields2.c
gcc    -c -o src/signal.o src/signal.c
gcc    -c -o src/error_handling.o src/error_handling.c
gcc    -c -o src/chain.o src/chain.c
gcc    -c -o src/chain2.o src/chain2.c
gcc    -c -o src/chain3.o src/chain3.c
gcc    -c -o src/wildcards.o src/wildcards.c
gcc    -c -o src/wildcards2.o src/wildcards2.c
gcc    -c -o src/wildcards_bools.o src/wildcards_bools.c
gcc    -c -o src/wildcards_bools2.o src/wildcards_bools2.c
gcc    -c -o src/wildcards_count.o src/wildcards_count.c
gcc    -c -o src/wildcards_count2.o src/wildcards_count2.c
gcc    -c -o src/wildcards_utils.o src/wildcards_utils.c
gcc    -c -o src/wildcards_utils2.o src/wildcards_utils2.c
gcc    -c -o src/wildcards_utils3.o src/wildcards_utils3.c
gcc    -c -o src/child_process.o src/child_process.c
gcc    -c -o src/builtin/pwd.o src/builtin/pwd.c
gcc    -c -o src/builtin/cd.o src/builtin/cd.c
gcc    -c -o src/builtin/cd2.o src/builtin/cd2.c
gcc    -c -o src/builtin/echo.o src/builtin/echo.c
gcc    -c -o src/builtin/exit.o src/builtin/exit.c
gcc    -c -o src/builtin/env.o src/builtin/env.c
gcc    -c -o src/builtin/export.o src/builtin/export.c
gcc    -c -o src/builtin/export_utils.o src/builtin/export_utils.c
gcc    -c -o src/builtin/unset.o src/builtin/unset.c
gcc -Wall -Werror -Wextra -L/home/davide/.brew/opt/readline/lib -I/home/davide/.brew/opt/readline/include -g -ffunction-sections -Wl,--gc-sections -Wl,--print-gc-sections src/main.c src/special_run.c src/special_childs.c src/utils.c src/utils2.c src/utils3.c src/dict_utils.c src/execute.c src/execute2.c src/find_script.c src/init_utils.c src/init_utils2.c src/init_utils3.c src/set_var.c src/set_var2.c src/term.c src/parse.c src/parse2.c src/parse3.c src/bools.c src/bools2.c src/bools3.c src/bools4.c src/count.c src/memory.c src/memory2.c src/redirections.c src/redirections_utils.c src/redirections_utils2.c src/heredoc.c src/heredoc2.c src/heredoc3.c src/heredoc4.c src/split_fields.c src/split_fields2.c src/signal.c src/error_handling.c src/chain.c src/chain2.c src/chain3.c src/wildcards.c src/wildcards2.c src/wildcards_bools.c src/wildcards_bools2.c src/wildcards_count.c src/wildcards_count2.c src/wildcards_utils.c src/wildcards_utils2.c src/wildcards_utils3.c src/child_process.c src/builtin/pwd.c src/builtin/cd.c src/builtin/cd2.c src/builtin/echo.c src/builtin/exit.c src/builtin/env.c src/builtin/export.c src/builtin/export_utils.c src/builtin/unset.c ./include/libft/libft.a -lreadline -lncurses -o minishell 
make: Leaving directory '/home/davide/Documenti/Codici/42/minishell'
 
