make all --print-data-base --no-builtin-variables --no-builtin-rules --question
# GNU Make 4.2.1
 
# Built for x86_64-pc-linux-gnu
 
# Copyright (C) 1988-2016 Free Software Foundation, Inc.
 
# License GPLv3+: GNU GPL version 3 or later <http://gnu.org/licenses/gpl.html>
 
# This is free software: you are free to change and redistribute it.
 
# There is NO WARRANTY, to the extent permitted by law.
 

 
# Make data base, printed on Tue Jun 14 14:14:46 2022
 

# Variables
 

 
# automatic
 
<D = $(patsubst %/,%,$(dir $<))
 
# automatic
?F = $(notdir $?)
# environment
DESKTOP_SESSION = cinnamon
# default
.SHELLFLAGS := -c
# environment
XDG_SESSION_CLASS = user
# makefile (from 'Makefile', line 4)
SRC = main.c main2.c special_run.c special_childs.c utils.c utils2.c utils3.c execute.c execute2.c execute3.c execute4.c find_script.c init_utils.c init_utils2.c init_utils3.c set_var.c set_var2.c term.c parse.c parse2.c parse3.c bools.c bools2.c bools3.c bools4.c count.c memory.c redirections.c redirections_utils.c redirections_utils2.c heredoc.c heredoc2.c heredoc3.c split_fields.c split_fields2.c signal.c error_handling.c logical.c logical2.c logical3.c logical4.c wildcards.c wildcards2.c wildcards_bools.c wildcards_bools2.c wildcards_count.c wildcards_count2.c wildcards_utils.c wildcards_utils2.c wildcards_utils3.c 
# environment
XDG_SESSION_TYPE = x11
# environment
VSCODE_LOG_NATIVE = false
# environment
GTK3_MODULES = xapp-gtk3-module
# automatic
?D = $(patsubst %/,%,$(dir $?))
# automatic
@D = $(patsubst %/,%,$(dir $@))
# environment
XAUTHORITY = /home/davide/.Xauthority
# environment
GDMSESSION = cinnamon
# default
MAKE_VERSION := 4.2.1
# makefile
CURDIR := /home/davide/Documenti/Codici/42/minishell
# makefile
SHELL = /bin/sh
# environment
GDM_LANG = it
# environment
VSCODE_NLS_CONFIG = {"locale":"it","availableLanguages":{"*":"it"},"_languagePackId":"0e2106c0f43031e48dd45a1308cc4315.it","_translationsConfigFile":"/home/davide/.config/Code/clp/0e2106c0f43031e48dd45a1308cc4315.it/tcf.json","_cacheRoot":"/home/davide/.config/Code/clp/0e2106c0f43031e48dd45a1308cc4315.it","_resolvedLanguagePackCoreLocation":"/home/davide/.config/Code/clp/0e2106c0f43031e48dd45a1308cc4315.it/4af164ea3a06f701fe3e89a2bcbb421d2026b68f","_corruptedFile":"/home/davide/.config/Code/clp/0e2106c0f43031e48dd45a1308cc4315.it/corrupted.info","_languagePackSupport":true}
# environment
_ = /usr/share/code/code
# environment
XDG_CONFIG_DIRS = /etc/xdg/xdg-cinnamon:/etc/xdg
# environment
GTK_OVERLAY_SCROLLING = 1
# makefile (from 'Makefile', line 1)
MAKEFILE_LIST :=  Makefile
# automatic
@F = $(notdir $@)
# environment
GIO_LAUNCHED_DESKTOP_FILE = /usr/share/applications/code.desktop
# 'override' directive
GNUMAKEFLAGS := 
# environment
MANDATORY_PATH = /usr/share/gconf/cinnamon.mandatory.path
# environment
XDG_DATA_DIRS = /usr/share/cinnamon:/usr/share/gnome:/home/davide/.local/share/flatpak/exports/share:/var/lib/flatpak/exports/share:/usr/local/share:/usr/share
# environment
DBUS_SESSION_BUS_ADDRESS = unix:path=/run/user/1000/bus
# environment
VSCODE_VERBOSE_LOGGING = true
# makefile (from 'Makefile', line 55)
OBJS = $(SRCS:.c=.o)
# environment
LESSOPEN = | /usr/bin/lesspipe %s
# environment
VSCODE_CWD = /home/davide
# environment
XDG_SESSION_PATH = /org/freedesktop/DisplayManager/Session0
# default
MAKE_HOST := x86_64-pc-linux-gnu
# environment
PATH = /home/davide/.local/bin:/usr/local/sbin:/usr/local/bin:/usr/sbin:/usr/bin:/sbin:/bin:/usr/games:/usr/local/games:/snap/bin
# environment
GPG_AGENT_INFO = /run/user/1000/gnupg/S.gpg-agent:0:1
# environment
PG_OF_PATH = /home/davide/Programmi/OpenFrameworks/of_v0.11.2_linux64gcc6_release
# environment
SESSION_MANAGER = local/ThinkPad-E550:@/tmp/.ICE-unix/1411,unix/ThinkPad-E550:/tmp/.ICE-unix/1411
# environment
XDG_RUNTIME_DIR = /run/user/1000
# environment
VSCODE_LOG_STACK = false
# environment
ELECTRON_RUN_AS_NODE = 1
# default
.FEATURES := target-specific order-only second-expansion else-if shortest-stem undefine oneshell archives jobserver output-sync check-symlink load
# environment
XDG_GREETER_DATA_DIR = /var/lib/lightdm-data/davide
# environment
LS_COLORS = 
# environment
INSIDE_NEMO_PYTHON = 
# environment
XDG_SESSION_DESKTOP = cinnamon
# environment
SSH_AUTH_SOCK = /run/user/1000/keyring/ssh
# environment
GIO_LAUNCHED_DESKTOP_FILE_PID = 22186
# automatic
%F = $(notdir $%)
# environment
DISPLAY = :0
# environment
VSCODE_PIPE_LOGGING = true
# environment
PWD = /home/davide/Documenti/Codici/42/minishell
# environment
QT_QPA_PLATFORMTHEME = qt5ct
# default
.LOADED := 
# makefile (from 'Makefile', line 67)
BUILTINS = $(addprefix src/builtin/, $(BUILTIN))
# environment
XDG_SEAT = seat0
# environment
SSH_AGENT_PID = 1481
# environment
ORIGINAL_XDG_CURRENT_DESKTOP = X-Cinnamon
# environment
GTK_MODULES = gail:atk-bridge
# environment
VSCODE_AMD_ENTRYPOINT = vs/workbench/api/node/extensionHostProcess
# environment
HOME = /home/davide
# environment
LESSCLOSE = /usr/bin/lesspipe %s %s
# environment
VSCODE_CODE_CACHE_PATH = /home/davide/.config/Code/CachedData/4af164ea3a06f701fe3e89a2bcbb421d2026b68f
# environment
LOGNAME = davide
# environment
APPLICATION_INSIGHTS_NO_DIAGNOSTIC_CHANNEL = true
# environment
VSCODE_HANDLES_UNCAUGHT_ERRORS = true
# environment
GNOME_DESKTOP_SESSION_ID = this-is-deprecated
# automatic
^D = $(patsubst %/,%,$(dir $^))
# environment
XDG_VTNR = 7
# environment
MAKELEVEL := 0
# default
MAKE = $(MAKE_COMMAND)
# default
MAKECMDGOALS := all
# makefile (from 'Makefile', line 54)
SRCS = $(addprefix src/, $(SRC))
# environment
SHLVL = 0
# makefile (from 'Makefile', line 69)
LIBFT = ./include/libft/libft.a
# makefile (from 'Makefile', line 2)
CC = gcc
# environment
VSCODE_IPC_HOOK_EXTHOST = /run/user/1000/vscode-ipc-d949f9dc-c95b-469d-8cff-21e90cabcbaf.sock
# environment
XDG_SESSION_ID = c2
# environment
USER = davide
# makefile
.DEFAULT_GOAL := minishell
# environment
XDG_CURRENT_DESKTOP = X-Cinnamon
# environment
LIBVIRT_DEFAULT_URI = qemu:///system
# automatic
%D = $(patsubst %/,%,$(dir $%))
# default
MAKE_COMMAND := make
# default
.VARIABLES := 
# automatic
*F = $(notdir $*)
# environment
LANGUAGE = it
# environment
XDG_SEAT_PATH = /org/freedesktop/DisplayManager/Seat0
# environment
VSCODE_IPC_HOOK = /run/user/1000/vscode-c5f300b3-1.68.0-main.sock
# makefile
MAKEFLAGS = pqrR
# makefile (from 'Makefile', line 68)
BUILTIN_OBJS = $(BUILTINS:.c=.o)
# environment
MFLAGS = -pqrR
# automatic
*D = $(patsubst %/,%,$(dir $*))
# automatic
+D = $(patsubst %/,%,$(dir $+))
# environment
GDK_BACKEND = x11
# automatic
+F = $(notdir $+)
# environment
NO_AT_BRIDGE = 1
# environment
CINNAMON_VERSION = 5.2.7
# environment
QT_ACCESSIBILITY = 1
# environment
DEFAULTS_PATH = /usr/share/gconf/cinnamon.default.path
# default
MAKEFILES := 
# automatic
<F = $(notdir $<)
# makefile (from 'Makefile', line 56)
BUILTIN = pwd.c cd.c cd2.c echo.c exit.c env.c export.c export2.c export3.c export4.c unset.c
# environment
LC_ALL = C
# environment
GJS_DEBUG_TOPICS = JS ERROR;JS LOG
# automatic
^F = $(notdir $^)
# default
SUFFIXES := 
# makefile (from 'Makefile', line 3)
FLAGS = -Wall -Werror -Wextra -L$(HOME)/.brew/opt/readline/lib -I$(HOME)/.brew/opt/readline/include -g -ffunction-sections -Wl,--gc-sections -Wl,--print-gc-sections
# environment
CHROME_DESKTOP = code-url-handler.desktop
# default
.INCLUDE_DIRS = /usr/include /usr/local/include /usr/include
# environment
GJS_DEBUG_OUTPUT = stderr
# makefile (from 'Makefile', line 1)
NAME = minishell
# default
.RECIPEPREFIX := 
# environment
LANG = C
# environment
VSCODE_PID = 21982
# variable set hash-table stats:
# Load=115/1024=11%, Rehash=0, Collisions=15/150=10%

# Pattern-specific Variable Values

# No pattern-specific variable values.

# Directories

# . (device 2049, inode 17307560): 9 files, no impossibilities.

# 9 files, no impossibilities in 1 directories.

# Implicit Rules

# No implicit rules.

# Files

# Not a target:
src/count.o:
#  Implicit rule search has been done.
#  Last modified 2022-06-14 10:31:27.520225747
#  File has been updated.
#  Successfully updated.

# Not a target:
src/redirections_utils2.o:
#  Implicit rule search has been done.
#  Last modified 2022-06-14 10:31:27.724239073
#  File has been updated.
#  Successfully updated.

# Not a target:
src/utils2.o:
#  Implicit rule search has been done.
#  Last modified 2022-06-14 10:31:26.452155985
#  File has been updated.
#  Successfully updated.

# Not a target:
src/execute3.o:
#  Implicit rule search has been done.
#  Last modified 2022-06-14 10:31:26.664169833
#  File has been updated.
#  Successfully updated.

# Not a target:
src/wildcards_utils.o:
 
#  Implicit rule search has been done.
 
#  Last modified 2022-06-14 10:31:28.676301266
#  File has been updated.
#  Successfully updated.

# Not a target:
src/wildcards_bools2.o:
#  Implicit rule search has been done.
#  Last modified 2022-06-14 10:31:28.520291074
#  File has been updated.
#  Successfully updated.

all: minishell
#  Phony target (prerequisite of .PHONY).
#  Command line target.
#  Implicit rule search has not been done.
#  File does not exist.
#  File has been updated.
#  Successfully updated.

# Not a target:
src/init_utils3.o:
#  Implicit rule search has been done.
#  Last modified 2022-06-14 10:31:26.920186553
#  File has been updated.
#  Successfully updated.

.PHONY: all clean fclean re
#  Implicit rule search has not been done.
#  Modification time never checked.
#  File has not been updated.

# Not a target:
src/main.o:
#  Implicit rule search has been done.
#  Last modified 2022-06-14 13:31:16.614584388
#  File has been updated.
#  Successfully updated.

# Not a target:
src/builtin/cd2.o:
#  Implicit rule search has been done.
#  Last modified 2022-06-14 10:31:28.936318252
#  File has been updated.
#  Successfully updated.

# Not a target:
src/term.o:
#  Implicit rule search has been done.
#  Last modified 2022-06-14 10:31:27.084197265
#  File has been updated.
#  Successfully updated.

# Not a target:
src/builtin/env.o:
#  Implicit rule search has been done.
#  Last modified 2022-06-14 10:31:29.08032766
#  File has been updated.
#  Successfully updated.

# Not a target:
src/init_utils.o:
#  Implicit rule search has been done.
#  Last modified 2022-06-14 10:31:26.820180021
#  File has been updated.
#  Successfully updated.

# Not a target:
src/heredoc2.o:
#  Implicit rule search has been done.
#  Last modified 2022-06-14 10:31:27.824245605
#  File has been updated.
#  Successfully updated.

# Not a target:
src/builtin/exit.o:
#  Implicit rule search has been done.
#  Last modified 2022-06-14 10:31:29.032324523
#  File has been updated.
#  Successfully updated.

# Not a target:
src/execute.o:
#  Implicit rule search has been done.
#  Last modified 2022-06-14 10:31:26.564163301
#  File has been updated.
#  Successfully updated.

# Not a target:
src/split_fields.o:
#  Implicit rule search has been done.
#  Last modified 2022-06-14 10:31:27.936252921
#  File has been updated.
#  Successfully updated.

# Not a target:
src/logical2.o:
#  Implicit rule search has been done.
#  Last modified 2022-06-14 10:31:28.196269907
#  File has been updated.
#  Successfully updated.

# Not a target:
src/bools4.o:
#  Implicit rule search has been done.
#  Last modified 2022-06-14 10:31:27.472222611
#  File has been updated.
#  Successfully updated.

# Not a target:
Makefile:
#  Implicit rule search has been done.
#  Last modified 2022-06-14 10:31:20.019736017
#  File has been updated.
#  Successfully updated.

# Not a target:
src/memory.o:
#  Implicit rule search has been done.
#  Last modified 2022-06-14 10:31:27.572229143
#  File has been updated.
#  Successfully updated.

# Not a target:
src/wildcards_count.o:
#  Implicit rule search has been done.
#  Last modified 2022-06-14 10:31:28.576294733
#  File has been updated.
#  Successfully updated.

# Not a target:
src/parse3.o:
#  Implicit rule search has been done.
#  Last modified 2022-06-14 10:31:27.256208501
#  File has been updated.
#  Successfully updated.

# Not a target:
src/bools3.o:
#  Implicit rule search has been done.
#  Last modified 2022-06-14 10:31:27.416218953
#  File has been updated.
#  Successfully updated.

# Not a target:
src/builtin/unset.o:
#  Implicit rule search has been done.
#  Last modified 2022-06-14 10:31:29.332344125
#  File has been updated.
#  Successfully updated.

# Not a target:
src/builtin/export2.o:
#  Implicit rule search has been done.
#  Last modified 2022-06-14 10:31:29.180334193
#  File has been updated.
#  Successfully updated.

minishell: include/libft/libft.a src/main.o src/main2.o src/special_run.o src/special_childs.o src/utils.o src/utils2.o src/utils3.o src/execute.o src/execute2.o src/execute3.o src/execute4.o src/find_script.o src/init_utils.o src/init_utils2.o src/init_utils3.o src/set_var.o src/set_var2.o src/term.o src/parse.o src/parse2.o src/parse3.o src/bools.o src/bools2.o src/bools3.o src/bools4.o src/count.o src/memory.o src/redirections.o src/redirections_utils.o src/redirections_utils2.o src/heredoc.o src/heredoc2.o src/heredoc3.o src/split_fields.o src/split_fields2.o src/signal.o src/error_handling.o src/logical.o src/logical2.o src/logical3.o src/logical4.o src/wildcards.o src/wildcards2.o src/wildcards_bools.o src/wildcards_bools2.o src/wildcards_count.o src/wildcards_count2.o src/wildcards_utils.o src/wildcards_utils2.o src/wildcards_utils3.o src/builtin/pwd.o src/builtin/cd.o src/builtin/cd2.o src/builtin/echo.o src/builtin/exit.o src/builtin/env.o src/builtin/export.o src/builtin/export2.o src/builtin/export3.o src/builtin/export4.o src/builtin/unset.o
#  Implicit rule search has not been done.
#  Last modified 2022-06-14 13:31:20.942277223
#  File has been updated.
#  Successfully updated.
#  recipe to execute (from 'Makefile', line 72):
	$(CC) $(FLAGS) $(SRCS) $(BUILTINS) $(LIBFT) -lreadline -lncurses -o $(NAME) 

# Not a target:
src/wildcards.o:
#  Implicit rule search has been done.
#  Last modified 2022-06-14 10:31:28.35628036
#  File has been updated.
#  Successfully updated.

# Not a target:
src/bools.o:
#  Implicit rule search has been done.
#  Last modified 2022-06-14 10:31:27.312212159
#  File has been updated.
#  Successfully updated.

fclean: clean
#  Phony target (prerequisite of .PHONY).
#  Implicit rule search has not been done.
#  File does not exist.
#  File has not been updated.
#  recipe to execute (from 'Makefile', line 84):
	rm -f $(NAME)
	$(MAKE) fclean -C ./include/libft

# Not a target:
src/utils3.o:
#  Implicit rule search has been done.
#  Last modified 2022-06-14 10:31:26.508159643
#  File has been updated.
#  Successfully updated.

# Not a target:
src/wildcards_utils2.o:
#  Implicit rule search has been done.
#  Last modified 2022-06-14 10:31:28.728304663
#  File has been updated.
#  Successfully updated.

# Not a target:
src/logical4.o:
#  Implicit rule search has been done.
#  Last modified 2022-06-14 10:31:28.300276702
#  File has been updated.
#  Successfully updated.

# Not a target:
src/set_var.o:
#  Implicit rule search has been done.
#  Last modified 2022-06-14 10:31:26.97218995
#  File has been updated.
#  Successfully updated.

# Not a target:
src/parse.o:
#  Implicit rule search has been done.
#  Last modified 2022-06-14 10:31:27.144201185
#  File has been updated.
#  Successfully updated.

# Not a target:
src/redirections_utils.o:
#  Implicit rule search has been done.
#  Last modified 2022-06-14 10:31:27.668235414
#  File has been updated.
#  Successfully updated.

# Not a target:
src/utils.o:
#  Implicit rule search has been done.
#  Last modified 2022-06-14 10:31:26.40415285
#  File has been updated.
#  Successfully updated.

# Not a target:
src/main2.o:
#  Implicit rule search has been done.
#  Last modified 2022-06-14 13:31:16.670580421
#  File has been updated.
#  Successfully updated.

# Not a target:
.DEFAULT:
#  Implicit rule search has not been done.
#  Modification time never checked.
#  File has not been updated.

# Not a target:
src/error_handling.o:
#  Implicit rule search has been done.
#  Last modified 2022-06-14 10:31:28.088262852
#  File has been updated.
#  Successfully updated.

# Not a target:
src/heredoc3.o:
#  Implicit rule search has been done.
#  Last modified 2022-06-14 10:31:27.884249524
#  File has been updated.
#  Successfully updated.

include/libft/libft.a:
#  Implicit rule search has not been done.
#  Last modified 2022-06-14 10:31:26.124134561
#  File has been updated.
#  Successfully updated.
#  recipe to execute (from 'Makefile', line 75):
	$(MAKE) bonus -C ./include/libft

# Not a target:
src/wildcards_bools.o:
#  Implicit rule search has been done.
#  Last modified 2022-06-14 10:31:28.460287154
 
#  File has been updated.
#  Successfully updated.

# Not a target:
src/execute2.o:
#  Implicit rule search has been done.
#  Last modified 2022-06-14 10:31:26.616166697
#  File has been updated.
#  Successfully updated.

# Not a target:
src/signal.o:
#  Implicit rule search has been done.
#  Last modified 2022-06-14 10:31:28.040259716
#  File has been updated.
#  Successfully updated.

re: fclean all
#  Phony target (prerequisite of .PHONY).
#  Implicit rule search has not been done.
#  File does not exist.
#  File has not been updated.

# Not a target:
src/init_utils2.o:
#  Implicit rule search has been done.
#  Last modified 2022-06-14 10:31:26.872183418
#  File has been updated.
#  Successfully updated.

clean:
#  Phony target (prerequisite of .PHONY).
#  Implicit rule search has not been done.
#  File does not exist.
#  File has not been updated.
#  recipe to execute (from 'Makefile', line 80):
	rm -f $(BUILTIN_OBJS) $(OBJS)
	$(MAKE) clean -C ./include/libft

# Not a target:
src/logical3.o:
#  Implicit rule search has been done.
#  Last modified 2022-06-14 10:31:28.252273566
#  File has been updated.
#  Successfully updated.

# Not a target:
src/split_fields2.o:
#  Implicit rule search has been done.
#  Last modified 2022-06-14 10:31:27.99225658
#  File has been updated.
#  Successfully updated.

# Not a target:
src/builtin/export4.o:
#  Implicit rule search has been done.
#  Last modified 2022-06-14 10:31:29.276340466
#  File has been updated.
#  Successfully updated.

# Not a target:
src/builtin/pwd.o:
#  Implicit rule search has been done.
#  Last modified 2022-06-14 10:31:28.824310935
#  File has been updated.
#  Successfully updated.

# Not a target:
src/builtin/cd.o:
#  Implicit rule search has been done.
#  Last modified 2022-06-14 10:31:28.880314593
#  File has been updated.
#  Successfully updated.

# Not a target:
src/wildcards_count2.o:
#  Implicit rule search has been done.
#  Last modified 2022-06-14 10:31:28.624297868
#  File has been updated.
#  Successfully updated.

# Not a target:
src/execute4.o:
#  Implicit rule search has been done.
#  Last modified 2022-06-14 10:31:26.712172968
#  File has been updated.
#  Successfully updated.

# Not a target:
src/logical.o:
#  Implicit rule search has been done.
#  Last modified 2022-06-14 10:31:28.14426651
#  File has been updated.
#  Successfully updated.

# Not a target:
src/builtin/export3.o:
#  Implicit rule search has been done.
#  Last modified 2022-06-14 10:31:29.232337591
#  File has been updated.
#  Successfully updated.

# Not a target:
src/heredoc.o:
#  Implicit rule search has been done.
#  Last modified 2022-06-14 10:31:27.772242208
#  File has been updated.
#  Successfully updated.

# Not a target:
src/special_run.o:
#  Implicit rule search has been done.
#  Last modified 2022-06-14 10:31:26.296145796
#  File has been updated.
#  Successfully updated.

# Not a target:
src/wildcards2.o:
#  Implicit rule search has been done.
#  Last modified 2022-06-14 10:31:28.412284018
#  File has been updated.
#  Successfully updated.

# Not a target:
src/special_childs.o:
#  Implicit rule search has been done.
#  Last modified 2022-06-14 10:31:26.348149192
#  File has been updated.
#  Successfully updated.

# Not a target:
src/builtin/echo.o:
#  Implicit rule search has been done.
#  Last modified 2022-06-14 10:31:28.980321126
#  File has been updated.
#  Successfully updated.

# Not a target:
src/bools2.o:
#  Implicit rule search has been done.
#  Last modified 2022-06-14 10:31:27.364215556
#  File has been updated.
#  Successfully updated.

# Not a target:
src/builtin/export.o:
#  Implicit rule search has been done.
#  Last modified 2022-06-14 10:31:29.132331057
#  File has been updated.
#  Successfully updated.

# Not a target:
src/redirections.o:
#  Implicit rule search has been done.
#  Last modified 2022-06-14 10:31:27.620232279
#  File has been updated.
#  Successfully updated.

# Not a target:
src/wildcards_utils3.o:
#  Implicit rule search has been done.
#  Last modified 2022-06-14 10:31:28.776307799
#  File has been updated.
#  Successfully updated.

# Not a target:
src/parse2.o:
#  Implicit rule search has been done.
#  Last modified 2022-06-14 10:31:27.200204843
#  File has been updated.
#  Successfully updated.

# Not a target:
src/set_var2.o:
#  Implicit rule search has been done.
#  Last modified 2022-06-14 10:31:27.032193869
#  File has been updated.
#  Successfully updated.

# Not a target:
src/find_script.o:
#  Implicit rule search has been done.
#  Last modified 2022-06-14 10:31:26.764176364
#  File has been updated.
#  Successfully updated.

# files hash-table stats:
# Load=71/1024=7%, Rehash=0, Collisions=0/153=0%
# VPATH Search Paths

# No 'vpath' search paths.

# No general ('VPATH' variable) search path.

# strcache buffers: 1 (0) / strings = 80 / storage = 1201 B / avg = 15 B
# current buf: size = 8162 B / used = 1201 B / count = 80 / avg = 15 B

# strcache performance: lookups = 102 / hit rate = 21%
# hash-table stats:
# Load=80/8192=1%, Rehash=0, Collisions=1/102=1%
# Finished Make data base on Tue Jun 14 14:14:46 2022

 
